<?xml version="1.0" encoding="UTF-8"?>
<!-- Generated by org.testng.reporters.JUnitReportReporter -->
<testsuite hostname="LAPTOP-VT9KDRKL" failures="0" tests="1" name="com.vcentry.testcase.LoginTest" time="1.665" errors="0" timestamp="2024-10-29T10:57:24 SGT" skipped="0">
  <testcase classname="com.vcentry.testcase.LoginTest" name="loginWithValidCredentials" time="1.665"/>
  <system-out/>
</testsuite> <!-- com.vcentry.testcase.LoginTest -->
